<?xml version="1.0" encoding="UTF-8"?>
<!-- Generated by org.testng.reporters.JUnitReportReporter -->
<testsuite skipped="3" hostname="JC-THINKPAD" name="regression_testing.TP_010" tests="3" failures="0" timestamp="15 Sep 2020 19:18:05 GMT" time="0.000" errors="0">
  <testcase name="valid_login" time="0.000" classname="regression_testing.TP_010">
    <skipped/>
  </testcase> <!-- valid_login -->
  <testcase name="Edit_profile" time="0.000" classname="regression_testing.TP_010">
    <skipped/>
  </testcase> <!-- Edit_profile -->
  <testcase name="Unedit_profile" time="0.000" classname="regression_testing.TP_010">
    <skipped/>
  </testcase> <!-- Unedit_profile -->
</testsuite> <!-- regression_testing.TP_010 -->
