<?xml version="1.0" encoding="UTF-8"?>
<!-- Generated by org.testng.reporters.JUnitReportReporter -->
<testsuite skipped="2" hostname="JC-THINKPAD" name="regression_testing.TP_005" tests="2" failures="0" timestamp="15 Sep 2020 19:18:05 GMT" time="0.000" errors="0">
  <testcase name="valid_login" time="0.000" classname="regression_testing.TP_005">
    <skipped/>
  </testcase> <!-- valid_login -->
  <testcase name="Search_User" time="0.000" classname="regression_testing.TP_005">
    <skipped/>
  </testcase> <!-- Search_User -->
</testsuite> <!-- regression_testing.TP_005 -->
