<?xml version="1.0" encoding="UTF-8"?>
<!-- Generated by org.testng.reporters.JUnitReportReporter -->
<testsuite skipped="3" hostname="JC-THINKPAD" name="regression_testing.TP_009" tests="3" failures="0" timestamp="15 Sep 2020 19:18:05 GMT" time="0.001" errors="0">
  <testcase name="valid_login" time="0.001" classname="regression_testing.TP_009">
    <skipped/>
  </testcase> <!-- valid_login -->
  <testcase name="Search_Need" time="0.000" classname="regression_testing.TP_009">
    <skipped/>
  </testcase> <!-- Search_Need -->
  <testcase name="Search_need" time="0.000" classname="regression_testing.TP_009">
    <skipped/>
  </testcase> <!-- Search_need -->
</testsuite> <!-- regression_testing.TP_009 -->
