<?xml version="1.0" encoding="UTF-8"?>
<!-- Generated by org.testng.reporters.JUnitReportReporter -->
<testsuite skipped="3" hostname="JC-THINKPAD" name="regression_testing.TP_019" tests="3" failures="0" timestamp="15 Sep 2020 19:18:05 GMT" time="0.000" errors="0">
  <testcase name="valid_login" time="0.000" classname="regression_testing.TP_019">
    <skipped/>
  </testcase> <!-- valid_login -->
  <testcase name="Network_Change" time="0.000" classname="regression_testing.TP_019">
    <skipped/>
  </testcase> <!-- Network_Change -->
  <testcase name="Network_Older_One" time="0.000" classname="regression_testing.TP_019">
    <skipped/>
  </testcase> <!-- Network_Older_One -->
</testsuite> <!-- regression_testing.TP_019 -->
