<?xml version="1.0" encoding="UTF-8"?>
<!-- Generated by org.testng.reporters.JUnitReportReporter -->
<testsuite skipped="0" hostname="JC-THINKPAD" name="regression_testing.SB_001" tests="2" failures="0" timestamp="15 Sep 2020 19:45:46 GMT" time="22.160" errors="0">
  <testcase name="valid_login" time="9.106" classname="regression_testing.SB_001"/>
  <testcase name="Update_profile" time="13.054" classname="regression_testing.SB_001"/>
</testsuite> <!-- regression_testing.SB_001 -->
