<?xml version="1.0" encoding="UTF-8"?>
<!-- Generated by org.testng.reporters.JUnitReportReporter -->
<testsuite skipped="1" hostname="JC-THINKPAD" name="regression_testing.TP_001" tests="1" failures="0" timestamp="15 Sep 2020 19:18:05 GMT" time="0.000" errors="0">
  <testcase name="CheckUser" time="0.000" classname="regression_testing.TP_001">
    <skipped/>
  </testcase> <!-- CheckUser -->
</testsuite> <!-- regression_testing.TP_001 -->
