<?xml version="1.0" encoding="UTF-8"?>
<!-- Generated by org.testng.reporters.JUnitReportReporter -->
<testsuite skipped="4" hostname="JC-THINKPAD" name="regression_testing.TP_008" tests="4" failures="0" timestamp="15 Sep 2020 19:18:05 GMT" time="0.001" errors="0">
  <testcase name="valid_login" time="0.000" classname="regression_testing.TP_008">
    <skipped/>
  </testcase> <!-- valid_login -->
  <testcase name="Creating_Need" time="0.000" classname="regression_testing.TP_008">
    <skipped/>
  </testcase> <!-- Creating_Need -->
  <testcase name="Updating_Need" time="0.000" classname="regression_testing.TP_008">
    <skipped/>
  </testcase> <!-- Updating_Need -->
  <testcase name="Delete_Need" time="0.001" classname="regression_testing.TP_008">
    <skipped/>
  </testcase> <!-- Delete_Need -->
</testsuite> <!-- regression_testing.TP_008 -->
