<?xml version="1.0" encoding="UTF-8"?>
<!-- Generated by org.testng.reporters.JUnitReportReporter -->
<testsuite skipped="2" hostname="JC-THINKPAD" name="regression_testing.TP_018" tests="2" failures="0" timestamp="15 Sep 2020 19:18:05 GMT" time="0.000" errors="0">
  <testcase name="valid_login" time="0.000" classname="regression_testing.TP_018">
    <skipped/>
  </testcase> <!-- valid_login -->
  <testcase name="Refund" time="0.000" classname="regression_testing.TP_018">
    <skipped/>
  </testcase> <!-- Refund -->
</testsuite> <!-- regression_testing.TP_018 -->
